2025-07-10 15:08:39 Loading main app package /tmp/.mount_ObsiditQcfMT/resources/obsidian.asar
2025-07-10 15:08:40 Checking for update using Github
2025-07-10 15:08:40 Success.
2025-07-10 15:08:40 Latest version is 1.8.10
2025-07-10 15:08:40 App is up to date.
2025-07-10 18:28:00 Loading main app package /tmp/.mount_ObsidiFPbaBn/resources/obsidian.asar
2025-07-10 18:28:00 Checking for update using Github
2025-07-10 18:28:01 Loading main app package /tmp/.mount_ObsidivSBxFo/resources/obsidian.asar
2025-07-10 18:28:01 Success.
2025-07-10 18:28:01 Latest version is 1.8.10
2025-07-10 18:28:01 App is up to date.
2025-07-10 18:28:01 Checking for update using Github
2025-07-10 18:43:01 Loading main app package /tmp/.mount_ObsidiEAtCLI/resources/obsidian.asar
2025-07-10 18:43:06 Checking for update using Github
2025-07-10 18:43:06 Success.
2025-07-10 18:43:06 Latest version is 1.8.10
2025-07-10 18:43:06 App is up to date.
2025-07-10 18:43:15 Loading main app package /tmp/.mount_Obsidiu8E5zA/resources/obsidian.asar
2025-07-10 18:43:15 Checking for update using Github
2025-07-10 18:43:15 Success.
2025-07-10 18:43:15 Latest version is 1.8.10
2025-07-10 18:43:15 App is up to date.
2025-07-10 18:45:33 Loading main app package /tmp/.mount_obsidiWc6HVs/resources/obsidian.asar
2025-07-10 18:45:34 Checking for update using Github
2025-07-10 18:45:34 Success.
2025-07-10 18:45:34 Latest version is 1.8.10
2025-07-10 18:45:34 App is up to date.
2025-07-10 18:59:12 Loading main app package /tmp/.mount_obsidiOkj2NW/resources/obsidian.asar
2025-07-10 18:59:13 Checking for update using Github
2025-07-10 18:59:13 Success.
2025-07-10 18:59:13 Latest version is 1.8.10
2025-07-10 18:59:13 App is up to date.
2025-07-11 05:48:12 Loading main app package /tmp/.mount_obsidi05OX40/resources/obsidian.asar
2025-07-11 05:48:12 Checking for update using Github
2025-07-11 05:48:13 Success.
2025-07-11 05:48:13 Latest version is 1.8.10
2025-07-11 05:48:13 App is up to date.
2025-07-11 13:20:17 Loading main app package /tmp/.mount_obsidiEfRitM/resources/obsidian.asar
2025-07-11 13:20:17 Checking for update using Github
2025-07-11 13:20:18 Success.
2025-07-11 13:20:18 Latest version is 1.8.10
2025-07-11 13:20:18 App is up to date.
2025-07-11 14:47:23 Loading main app package /tmp/.mount_obsidipVfUu3/resources/obsidian.asar
2025-07-11 14:47:24 Checking for update using Github
2025-07-11 14:47:24 Success.
2025-07-11 14:47:24 Latest version is 1.8.10
2025-07-11 14:47:24 App is up to date.
2025-07-11 15:14:27 Loading main app package /tmp/.mount_obsidiwUz30f/resources/obsidian.asar
2025-07-11 15:14:28 Checking for update using Github
2025-07-11 15:14:28 Success.
2025-07-11 15:14:28 Latest version is 1.8.10
2025-07-11 15:14:28 App is up to date.
2025-07-12 07:42:44 Loading main app package /tmp/.mount_obsidiJv3pFL/resources/obsidian.asar
2025-07-12 07:42:45 Checking for update using Github
2025-07-12 07:42:45 Success.
2025-07-12 07:42:45 Latest version is 1.8.10
2025-07-12 07:42:45 App is up to date.
2025-07-12 16:10:36 Loading main app package /tmp/.mount_obsidiBMZarz/resources/obsidian.asar
2025-07-12 16:10:37 Checking for update using Github
2025-07-12 16:10:37 Success.
2025-07-12 16:10:37 Latest version is 1.8.10
2025-07-12 16:10:37 App is up to date.
2025-07-12 17:24:17 Loading main app package /tmp/.mount_obsidipnhBlC/resources/obsidian.asar
2025-07-12 17:24:18 Checking for update using Github
2025-07-12 17:24:18 Success.
2025-07-12 17:24:18 Latest version is 1.8.10
2025-07-12 17:24:18 App is up to date.
2025-07-12 18:24:17 Checking for update using Github
2025-07-12 18:24:18 Success.
2025-07-12 18:24:18 Latest version is 1.8.10
2025-07-12 18:24:18 App is up to date.
2025-07-14 03:37:48 Loading main app package /tmp/.mount_obsiditAR66G/resources/obsidian.asar
2025-07-14 03:37:49 Checking for update using Github
2025-07-14 03:37:49 Success.
2025-07-14 03:37:49 Latest version is 1.8.10
2025-07-14 03:37:49 App is up to date.
2025-07-14 03:43:05 Loading main app package /tmp/.mount_obsidi68uEio/resources/obsidian.asar
2025-07-14 03:43:05 Checking for update using Github
2025-07-14 03:43:05 Success.
2025-07-14 03:43:05 Latest version is 1.8.10
2025-07-14 03:43:05 App is up to date.
